2025-12-11 00:00:55.679 | INFO     | data.fetcher:get_stock_history:68 - 获取 000001 历史数据成功，共 228 条
2025-12-11 00:01:19.965 | INFO     | backtest.engine:run:54 - 开始回测 MA_Cross 策略，标的: 000001
2025-12-11 00:14:04.055 | DEBUG    | backtest.engine:run:90 - 买入 000001: 92100股 @ 10.85
2025-12-11 00:16:26.025 | DEBUG    | backtest.engine:run:106 - 卖出 000001: 92100股 @ 10.93, 收益: 0.74%
2025-12-11 00:17:53.301 | INFO     | __main__:main:131 - 运行模式: backtest
2025-12-11 00:17:53.301 | INFO     | __main__:main:132 - 交易标的: ['601138']
2025-12-11 00:17:53.301 | INFO     | __main__:run_backtest:23 - ==================================================
2025-12-11 00:17:53.301 | INFO     | __main__:run_backtest:24 - 开始回测模式
2025-12-11 00:17:53.301 | INFO     | __main__:run_backtest:25 - ==================================================
2025-12-11 00:17:53.301 | INFO     | __main__:run_backtest:33 - 
回测标的: 601138
2025-12-11 00:17:56.131 | ERROR    | data.fetcher:get_stock_history:72 - 获取 601138 历史数据失败: HTTPSConnectionPool(host='finance.sina.com.cn', port=443): Max retries exceeded with url: /realstock/company/sh601138/hisdata_klc2/klc_kl.js (Caused by SSLError(SSLEOFError(8, '[SSL: UNEXPECTED_EOF_WHILE_READING] EOF occurred in violation of protocol (_ssl.c:1017)')))
2025-12-11 00:17:56.134 | WARNING  | __main__:run_backtest:43 - 无法获取 601138 的历史数据
2025-12-11 00:18:26.103 | INFO     | __main__:main:131 - 运行模式: backtest
2025-12-11 00:18:26.103 | INFO     | __main__:main:132 - 交易标的: ['601138']
2025-12-11 00:18:26.103 | INFO     | __main__:run_backtest:23 - ==================================================
2025-12-11 00:18:26.103 | INFO     | __main__:run_backtest:24 - 开始回测模式
2025-12-11 00:18:26.103 | INFO     | __main__:run_backtest:25 - ==================================================
2025-12-11 00:18:26.103 | INFO     | __main__:run_backtest:33 - 
回测标的: 601138
2025-12-11 00:18:32.619 | INFO     | data.fetcher:get_stock_history:68 - 获取 601138 历史数据成功，共 228 条
2025-12-11 00:18:32.620 | INFO     | backtest.engine:run:54 - 开始回测 MA_Cross 策略，标的: 601138
2025-12-11 00:18:32.626 | DEBUG    | backtest.engine:run:90 - 买入 601138: 46000股 @ 21.72
2025-12-11 00:18:32.636 | DEBUG    | backtest.engine:run:106 - 卖出 601138: 46000股 @ 20.66, 收益: -4.88%
2025-12-11 00:18:32.661 | DEBUG    | backtest.engine:run:90 - 买入 601138: 53800股 @ 17.65
2025-12-11 00:18:32.672 | DEBUG    | backtest.engine:run:106 - 卖出 601138: 53800股 @ 18.22, 收益: 3.23%
2025-12-11 00:18:32.674 | DEBUG    | backtest.engine:run:90 - 买入 601138: 51400股 @ 19.06
2025-12-11 00:18:32.716 | DEBUG    | backtest.engine:run:106 - 卖出 601138: 51400股 @ 63.59, 收益: 233.63%
2025-12-11 00:18:32.719 | DEBUG    | backtest.engine:run:90 - 买入 601138: 44900股 @ 72.76
2025-12-11 00:18:32.725 | DEBUG    | backtest.engine:run:106 - 卖出 601138: 44900股 @ 67.99, 收益: -6.56%
2025-12-11 00:18:32.738 | DEBUG    | backtest.engine:run:90 - 买入 601138: 44800股 @ 67.99
2025-12-11 00:18:32.739 | INFO     | backtest.engine:run:117 - 回测完成 - 总收益: 192.68%, 夏普: 2.66, 最大回撤: 19.67%
2025-12-11 00:20:06.917 | INFO     | __main__:main:131 - 运行模式: backtest
2025-12-11 00:20:06.917 | INFO     | __main__:main:132 - 交易标的: ['601138']
2025-12-11 00:20:06.917 | INFO     | __main__:run_backtest:23 - ==================================================
2025-12-11 00:20:06.917 | INFO     | __main__:run_backtest:24 - 开始回测模式
2025-12-11 00:20:06.917 | INFO     | __main__:run_backtest:25 - ==================================================
2025-12-11 00:20:06.917 | INFO     | __main__:run_backtest:33 - 
回测标的: 601138
2025-12-11 00:20:11.847 | INFO     | data.fetcher:get_stock_history:68 - 获取 601138 历史数据成功，共 227 条
2025-12-11 00:20:11.847 | INFO     | backtest.engine:run:54 - 开始回测 MA_Cross 策略，标的: 601138
2025-12-11 00:20:11.888 | DEBUG    | backtest.engine:run:90 - 买入 601138: 42700股 @ 23.4
2025-12-11 00:20:11.899 | DEBUG    | backtest.engine:run:106 - 卖出 601138: 42700股 @ 23.1, 收益: -1.28%
2025-12-11 00:20:11.904 | DEBUG    | backtest.engine:run:90 - 买入 601138: 39900股 @ 24.71
2025-12-11 00:20:11.916 | DEBUG    | backtest.engine:run:106 - 卖出 601138: 39900股 @ 24.76, 收益: 0.20%
2025-12-11 00:20:11.939 | DEBUG    | backtest.engine:run:90 - 买入 601138: 47800股 @ 20.66
2025-12-11 00:20:11.949 | DEBUG    | backtest.engine:run:106 - 卖出 601138: 47800股 @ 23.78, 收益: 15.10%
2025-12-11 00:20:11.952 | DEBUG    | backtest.engine:run:90 - 买入 601138: 42800股 @ 26.49
2025-12-11 00:20:11.958 | DEBUG    | backtest.engine:run:106 - 卖出 601138: 42800股 @ 22.79, 收益: -13.97%
2025-12-11 00:20:11.966 | INFO     | backtest.engine:run:117 - 回测完成 - 总收益: -2.25%, 夏普: -0.02, 最大回撤: 24.77%
2025-12-11 00:20:41.453 | INFO     | __main__:main:131 - 运行模式: backtest
2025-12-11 00:20:41.453 | INFO     | __main__:main:132 - 交易标的: ['601138']
2025-12-11 00:20:41.453 | INFO     | __main__:run_backtest:23 - ==================================================
2025-12-11 00:20:41.453 | INFO     | __main__:run_backtest:24 - 开始回测模式
2025-12-11 00:20:41.453 | INFO     | __main__:run_backtest:25 - ==================================================
2025-12-11 00:20:41.453 | INFO     | __main__:run_backtest:33 - 
回测标的: 601138
2025-12-11 00:20:46.213 | INFO     | data.fetcher:get_stock_history:68 - 获取 601138 历史数据成功，共 227 条
2025-12-11 00:20:46.213 | INFO     | backtest.engine:run:54 - 开始回测 MA_Cross 策略，标的: 601138
2025-12-11 00:20:46.220 | DEBUG    | backtest.engine:run:90 - 买入 601138: 111200股 @ 8.99
2025-12-11 00:20:46.254 | DEBUG    | backtest.engine:run:106 - 卖出 601138: 111200股 @ 14.99, 收益: 66.74%
2025-12-11 00:20:46.264 | DEBUG    | backtest.engine:run:90 - 买入 601138: 109700股 @ 15.18
2025-12-11 00:20:46.280 | DEBUG    | backtest.engine:run:106 - 卖出 601138: 109700股 @ 20.98, 收益: 38.21%
2025-12-11 00:20:46.281 | DEBUG    | backtest.engine:run:90 - 买入 601138: 90600股 @ 25.38
2025-12-11 00:20:46.284 | DEBUG    | backtest.engine:run:106 - 卖出 601138: 90600股 @ 22.03, 收益: -13.20%
2025-12-11 00:20:46.289 | DEBUG    | backtest.engine:run:90 - 买入 601138: 86500股 @ 23.07
2025-12-11 00:20:46.290 | DEBUG    | backtest.engine:run:106 - 卖出 601138: 86500股 @ 20.51, 收益: -11.10%
2025-12-11 00:20:46.298 | DEBUG    | backtest.engine:run:90 - 买入 601138: 88500股 @ 20.03
2025-12-11 00:20:46.299 | DEBUG    | backtest.engine:run:106 - 卖出 601138: 88500股 @ 19.38, 收益: -3.25%
2025-12-11 00:20:46.307 | DEBUG    | backtest.engine:run:90 - 买入 601138: 91200股 @ 18.8
2025-12-11 00:20:46.309 | DEBUG    | backtest.engine:run:106 - 卖出 601138: 91200股 @ 17.06, 收益: -9.26%
2025-12-11 00:20:46.319 | DEBUG    | backtest.engine:run:90 - 买入 601138: 105800股 @ 14.7
2025-12-11 00:20:46.327 | DEBUG    | backtest.engine:run:106 - 卖出 601138: 105800股 @ 14.46, 收益: -1.63%
2025-12-11 00:20:46.332 | INFO     | backtest.engine:run:117 - 回测完成 - 总收益: 52.95%, 夏普: 1.14, 最大回撤: 44.39%
